0 info it worked if it ends with ok
1 verbose cli [ 'C:\\Program Files\\nodejs\\\\node.exe',
1 verbose cli   'C:\\Program Files\\nodejs\\node_modules\\npm\\bin\\npm-cli.js',
1 verbose cli   'install' ]
2 info using npm@1.4.28
3 info using node@v0.10.32
4 verbose node symlink C:\Program Files\nodejs\\node.exe
5 verbose readDependencies using package.json deps
6 verbose install where, deps [ 'D:\\leo\\api', [ 'express', 'mongoose' ] ]
7 info preinstall NodeAPI@0.1.0
8 verbose readDependencies using package.json deps
9 verbose cache add [ 'express@3.3.x', null ]
10 verbose cache add name=undefined spec="express@3.3.x" args=["express@3.3.x",null]
11 verbose parsed url { protocol: null,
11 verbose parsed url   slashes: null,
11 verbose parsed url   auth: null,
11 verbose parsed url   host: null,
11 verbose parsed url   port: null,
11 verbose parsed url   hostname: null,
11 verbose parsed url   hash: null,
11 verbose parsed url   search: null,
11 verbose parsed url   query: null,
11 verbose parsed url   pathname: 'express@3.3.x',
11 verbose parsed url   path: 'express@3.3.x',
11 verbose parsed url   href: 'express@3.3.x' }
12 verbose cache add [ 'mongoose@3.6.x', null ]
13 verbose cache add name=undefined spec="mongoose@3.6.x" args=["mongoose@3.6.x",null]
14 verbose parsed url { protocol: null,
14 verbose parsed url   slashes: null,
14 verbose parsed url   auth: null,
14 verbose parsed url   host: null,
14 verbose parsed url   port: null,
14 verbose parsed url   hostname: null,
14 verbose parsed url   hash: null,
14 verbose parsed url   search: null,
14 verbose parsed url   query: null,
14 verbose parsed url   pathname: 'mongoose@3.6.x',
14 verbose parsed url   path: 'mongoose@3.6.x',
14 verbose parsed url   href: 'mongoose@3.6.x' }
15 verbose cache add name="express" spec="3.3.x" args=["express","3.3.x"]
16 verbose parsed url { protocol: null,
16 verbose parsed url   slashes: null,
16 verbose parsed url   auth: null,
16 verbose parsed url   host: null,
16 verbose parsed url   port: null,
16 verbose parsed url   hostname: null,
16 verbose parsed url   hash: null,
16 verbose parsed url   search: null,
16 verbose parsed url   query: null,
16 verbose parsed url   pathname: '3.3.x',
16 verbose parsed url   path: '3.3.x',
16 verbose parsed url   href: '3.3.x' }
17 verbose addNamed [ 'express', '3.3.x' ]
18 verbose addNamed [ null, '>=3.3.0-0 <3.4.0-0' ]
19 verbose cache add name="mongoose" spec="3.6.x" args=["mongoose","3.6.x"]
20 verbose parsed url { protocol: null,
20 verbose parsed url   slashes: null,
20 verbose parsed url   auth: null,
20 verbose parsed url   host: null,
20 verbose parsed url   port: null,
20 verbose parsed url   hostname: null,
20 verbose parsed url   hash: null,
20 verbose parsed url   search: null,
20 verbose parsed url   query: null,
20 verbose parsed url   pathname: '3.6.x',
20 verbose parsed url   path: '3.6.x',
20 verbose parsed url   href: '3.6.x' }
21 verbose addNamed [ 'mongoose', '3.6.x' ]
22 verbose addNamed [ null, '>=3.6.0-0 <3.7.0-0' ]
23 silly lockFile 7fa59393-express-3-3-x express@3.3.x
24 verbose lock express@3.3.x C:\Users\leonardo.perez\AppData\Roaming\npm-cache\7fa59393-express-3-3-x.lock
25 silly lockFile efc1bb8e-mongoose-3-6-x mongoose@3.6.x
26 verbose lock mongoose@3.6.x C:\Users\leonardo.perez\AppData\Roaming\npm-cache\efc1bb8e-mongoose-3-6-x.lock
27 silly addNameRange { name: 'express', range: '>=3.3.0-0 <3.4.0-0', hasData: false }
28 silly addNameRange { name: 'mongoose', range: '>=3.6.0-0 <3.7.0-0', hasData: false }
29 verbose request where is /express
30 verbose request registry https://registry.npmjs.org/
31 verbose request id a8e219ae96ba2980
32 verbose url raw /express
33 verbose url resolving [ 'https://registry.npmjs.org/', './express' ]
34 verbose url resolved https://registry.npmjs.org/express
35 verbose request where is https://registry.npmjs.org/express
36 info trying registry request attempt 1 at 08:09:10
37 verbose etag "8QULIXV5D34VWYNER54HTO8AJ"
38 http GET https://registry.npmjs.org/express
39 verbose request where is /mongoose
40 verbose request registry https://registry.npmjs.org/
41 verbose url raw /mongoose
42 verbose url resolving [ 'https://registry.npmjs.org/', './mongoose' ]
43 verbose url resolved https://registry.npmjs.org/mongoose
44 verbose request where is https://registry.npmjs.org/mongoose
45 info trying registry request attempt 1 at 08:09:10
46 verbose etag "9H4468NYXOOH85VC1HYZ5K6YD"
47 http GET https://registry.npmjs.org/mongoose
48 info retry will retry, error on last attempt: Error: connect ECONNREFUSED
49 info retry will retry, error on last attempt: Error: connect ECONNREFUSED
50 info trying registry request attempt 2 at 08:09:22
51 verbose etag "9H4468NYXOOH85VC1HYZ5K6YD"
52 http GET https://registry.npmjs.org/mongoose
53 info trying registry request attempt 2 at 08:09:22
54 verbose etag "8QULIXV5D34VWYNER54HTO8AJ"
55 http GET https://registry.npmjs.org/express
56 info retry will retry, error on last attempt: Error: connect ECONNREFUSED
57 info retry will retry, error on last attempt: Error: connect ECONNREFUSED
58 info trying registry request attempt 3 at 08:10:23
59 verbose etag "9H4468NYXOOH85VC1HYZ5K6YD"
60 http GET https://registry.npmjs.org/mongoose
61 info trying registry request attempt 3 at 08:10:23
62 verbose etag "8QULIXV5D34VWYNER54HTO8AJ"
63 http GET https://registry.npmjs.org/express
64 silly registry.get cb [ 304, undefined ]
65 verbose etag https://registry.npmjs.org/express from cache
66 silly registry.get cb [ 304, undefined ]
67 verbose etag https://registry.npmjs.org/mongoose from cache
68 silly addNameRange number 2 { name: 'express', range: '>=3.3.0-0 <3.4.0-0', hasData: true }
69 silly addNameRange versions [ 'express',
69 silly addNameRange   [ '0.14.0',
69 silly addNameRange     '0.14.1',
69 silly addNameRange     '1.0.0',
69 silly addNameRange     '1.0.1',
69 silly addNameRange     '1.0.2',
69 silly addNameRange     '1.0.3',
69 silly addNameRange     '1.0.4',
69 silly addNameRange     '1.0.5',
69 silly addNameRange     '1.0.6',
69 silly addNameRange     '1.0.7',
69 silly addNameRange     '1.0.8',
69 silly addNameRange     '2.0.0',
69 silly addNameRange     '2.1.0',
69 silly addNameRange     '2.1.1',
69 silly addNameRange     '2.2.0',
69 silly addNameRange     '2.2.1',
69 silly addNameRange     '2.2.2',
69 silly addNameRange     '2.3.0',
69 silly addNameRange     '2.3.1',
69 silly addNameRange     '2.3.2',
69 silly addNameRange     '2.3.3',
69 silly addNameRange     '2.3.4',
69 silly addNameRange     '2.3.5',
69 silly addNameRange     '2.3.6',
69 silly addNameRange     '2.3.7',
69 silly addNameRange     '2.3.8',
69 silly addNameRange     '2.3.9',
69 silly addNameRange     '2.3.10',
69 silly addNameRange     '2.3.11',
69 silly addNameRange     '2.3.12',
69 silly addNameRange     '2.4.0',
69 silly addNameRange     '2.4.1',
69 silly addNameRange     '2.4.2',
69 silly addNameRange     '2.4.3',
69 silly addNameRange     '2.4.4',
69 silly addNameRange     '2.4.5',
69 silly addNameRange     '2.4.6',
69 silly addNameRange     '2.4.7',
69 silly addNameRange     '2.5.0',
69 silly addNameRange     '2.5.1',
69 silly addNameRange     '2.5.2',
69 silly addNameRange     '2.5.3',
69 silly addNameRange     '2.5.4',
69 silly addNameRange     '2.5.5',
69 silly addNameRange     '2.5.6',
69 silly addNameRange     '2.5.7',
69 silly addNameRange     '2.5.8',
69 silly addNameRange     '2.5.9',
69 silly addNameRange     '2.5.10',
69 silly addNameRange     '2.5.11',
69 silly addNameRange     '3.0.0',
69 silly addNameRange     '3.0.1',
69 silly addNameRange     '3.0.2',
69 silly addNameRange     '3.0.3',
69 silly addNameRange     '3.0.4',
69 silly addNameRange     '3.0.5',
69 silly addNameRange     '3.0.6',
69 silly addNameRange     '3.1.0',
69 silly addNameRange     '3.1.1',
69 silly addNameRange     '3.1.2',
69 silly addNameRange     '3.2.0',
69 silly addNameRange     '3.2.1',
69 silly addNameRange     '3.2.2',
69 silly addNameRange     '3.2.3',
69 silly addNameRange     '3.2.4',
69 silly addNameRange     '3.2.5',
69 silly addNameRange     '3.2.6',
69 silly addNameRange     '3.3.0',
69 silly addNameRange     '3.3.1',
69 silly addNameRange     '3.3.2',
69 silly addNameRange     '3.3.3',
69 silly addNameRange     '3.3.4',
69 silly addNameRange     '3.3.5',
69 silly addNameRange     '3.3.6',
69 silly addNameRange     '1.0.0-beta',
69 silly addNameRange     '1.0.0-beta2',
69 silly addNameRange     '1.0.0-rc',
69 silly addNameRange     '1.0.0-rc2',
69 silly addNameRange     '1.0.0-rc3',
69 silly addNameRange     '1.0.0-rc4',
69 silly addNameRange     '2.0.0-beta',
69 silly addNameRange     '2.0.0-beta2',
69 silly addNameRange     '2.0.0-beta3',
69 silly addNameRange     '2.0.0-rc',
69 silly addNameRange     '2.0.0-rc2',
69 silly addNameRange     '2.0.0-rc3',
69 silly addNameRange     '3.0.0-alpha1',
69 silly addNameRange     '3.0.0-alpha2',
69 silly addNameRange     '3.0.0-alpha3',
69 silly addNameRange     '3.0.0-alpha4',
69 silly addNameRange     '3.0.0-alpha5',
69 silly addNameRange     '3.0.0-beta1',
69 silly addNameRange     '3.0.0-beta2',
69 silly addNameRange     '3.0.0-beta3',
69 silly addNameRange     '3.0.0-beta4',
69 silly addNameRange     '3.0.0-beta6',
69 silly addNameRange     '3.0.0-beta7',
69 silly addNameRange     '3.0.0-rc1',
69 silly addNameRange     '3.0.0-rc2',
69 silly addNameRange     '3.0.0-rc3',
69 silly addNameRange     '3.0.0-rc4',
69 silly addNameRange     '3.0.0-rc5',
69 silly addNameRange     '3.3.7',
69 silly addNameRange     '3.3.8',
69 silly addNameRange     '3.4.0',
69 silly addNameRange     '3.4.1',
69 silly addNameRange     '3.4.2',
69 silly addNameRange     '3.4.3',
69 silly addNameRange     '3.4.4',
69 silly addNameRange     '3.4.5',
69 silly addNameRange     '3.4.6',
69 silly addNameRange     '3.4.7',
69 silly addNameRange     '3.4.8',
69 silly addNameRange     '4.0.0-rc1',
69 silly addNameRange     '4.0.0-rc2',
69 silly addNameRange     '3.5.0',
69 silly addNameRange     '4.0.0-rc3',
69 silly addNameRange     '4.0.0-rc4',
69 silly addNameRange     '3.5.1',
69 silly addNameRange     '4.0.0',
69 silly addNameRange     '3.5.2',
69 silly addNameRange     '4.1.0',
69 silly addNameRange     '4.1.1',
69 silly addNameRange     '3.5.3',
69 silly addNameRange     '4.1.2',
69 silly addNameRange     '3.6.0',
69 silly addNameRange     '4.2.0',
69 silly addNameRange     '3.7.0',
69 silly addNameRange     '3.8.0',
69 silly addNameRange     '4.3.0',
69 silly addNameRange     '4.3.1',
69 silly addNameRange     '3.8.1',
69 silly addNameRange     '4.3.2',
69 silly addNameRange     '3.9.0',
69 silly addNameRange     '4.4.0',
69 silly addNameRange     '4.4.1',
69 silly addNameRange     '3.10.0',
69 silly addNameRange     '3.10.1',
69 silly addNameRange     '3.10.2',
69 silly addNameRange     '3.10.3',
69 silly addNameRange     '3.10.4',
69 silly addNameRange     '4.4.2',
69 silly addNameRange     '3.10.5',
69 silly addNameRange     '4.4.3',
69 silly addNameRange     '3.11.0',
69 silly addNameRange     '4.4.4',
69 silly addNameRange     '3.12.0',
69 silly addNameRange     '3.12.1',
69 silly addNameRange     '4.4.5',
69 silly addNameRange     '3.13.0',
69 silly addNameRange     '4.5.0',
69 silly addNameRange     '4.5.1',
69 silly addNameRange     '3.14.0',
69 silly addNameRange     '4.6.0',
69 silly addNameRange     '4.6.1',
69 silly addNameRange     '3.15.0',
69 silly addNameRange     '4.7.0',
69 silly addNameRange     '3.15.1',
69 silly addNameRange     '4.7.1',
69 silly addNameRange     '3.15.2',
69 silly addNameRange     '4.7.2',
69 silly addNameRange     '4.7.3',
69 silly addNameRange     '3.15.3',
69 silly addNameRange     '4.7.4',
69 silly addNameRange     '3.16.0',
69 silly addNameRange     '4.8.0',
69 silly addNameRange     '3.16.1',
69 silly addNameRange     '4.8.1',
69 silly addNameRange     '3.16.2',
69 silly addNameRange     '4.8.2',
69 silly addNameRange     '3.16.3',
69 silly addNameRange     '3.16.4',
69 silly addNameRange     '4.8.3',
69 silly addNameRange     '3.16.5',
69 silly addNameRange     '3.16.6',
69 silly addNameRange     '4.8.4',
69 silly addNameRange     '3.16.7',
69 silly addNameRange     '4.8.5',
69 silly addNameRange     '3.16.8',
69 silly addNameRange     '4.8.6',
69 silly addNameRange     '3.16.9',
69 silly addNameRange     '4.8.7',
69 silly addNameRange     '3.16.10',
69 silly addNameRange     '4.8.8',
69 silly addNameRange     '3.17.0',
69 silly addNameRange     '3.17.1',
69 silly addNameRange     '4.9.0',
69 silly addNameRange     '3.17.2',
69 silly addNameRange     '4.9.1',
69 silly addNameRange     '4.9.2',
69 silly addNameRange     '3.17.3',
69 silly addNameRange     '4.9.3',
69 silly addNameRange     '3.17.4',
69 silly addNameRange     '4.9.4',
69 silly addNameRange     '3.17.5',
69 silly addNameRange     '4.9.5',
69 silly addNameRange     '3.17.6',
69 silly addNameRange     '3.17.7',
69 silly addNameRange     '4.9.6',
69 silly addNameRange     '4.9.7',
69 silly addNameRange     '3.17.8',
69 silly addNameRange     '4.9.8',
69 silly addNameRange     '3.18.0',
69 silly addNameRange     '3.18.1',
69 silly addNameRange     '4.10.0',
69 silly addNameRange     '3.18.2',
69 silly addNameRange     '4.10.1',
69 silly addNameRange     '5.0.0-alpha.1',
69 silly addNameRange     '3.18.3',
69 silly addNameRange     '4.10.2',
69 silly addNameRange     '3.18.4',
69 silly addNameRange     '4.10.3',
69 silly addNameRange     '4.10.4',
69 silly addNameRange     '4.10.5',
69 silly addNameRange     '3.18.5',
69 silly addNameRange     '3.18.6',
69 silly addNameRange     '4.10.6',
69 silly addNameRange     '4.10.7',
69 silly addNameRange     '3.19.0',
69 silly addNameRange     '4.10.8',
69 silly addNameRange     '4.11.0',
69 silly addNameRange     '3.19.1',
69 silly addNameRange     '4.11.1',
69 silly addNameRange     '3.19.2',
69 silly addNameRange     '4.11.2' ] ]
70 verbose addNamed [ 'express', '3.3.8' ]
71 verbose addNamed [ '3.3.8', '3.3.8' ]
72 silly lockFile a43a70ac-express-3-3-8 express@3.3.8
73 verbose lock express@3.3.8 C:\Users\leonardo.perez\AppData\Roaming\npm-cache\a43a70ac-express-3-3-8.lock
74 silly addNameRange number 2 { name: 'mongoose', range: '>=3.6.0-0 <3.7.0-0', hasData: true }
75 silly addNameRange versions [ 'mongoose',
75 silly addNameRange   [ '0.0.1',
75 silly addNameRange     '0.0.2',
75 silly addNameRange     '0.0.3',
75 silly addNameRange     '0.0.4',
75 silly addNameRange     '0.0.5',
75 silly addNameRange     '1.0.0',
75 silly addNameRange     '1.0.1',
75 silly addNameRange     '1.0.2',
75 silly addNameRange     '0.0.6',
75 silly addNameRange     '1.0.3',
75 silly addNameRange     '1.0.4',
75 silly addNameRange     '1.0.5',
75 silly addNameRange     '1.0.6',
75 silly addNameRange     '1.0.7',
75 silly addNameRange     '1.0.8',
75 silly addNameRange     '1.0.10',
75 silly addNameRange     '1.0.11',
75 silly addNameRange     '1.0.12',
75 silly addNameRange     '1.0.13',
75 silly addNameRange     '1.0.14',
75 silly addNameRange     '1.0.15',
75 silly addNameRange     '1.0.16',
75 silly addNameRange     '1.1.0',
75 silly addNameRange     '1.1.1',
75 silly addNameRange     '1.1.2',
75 silly addNameRange     '1.1.3',
75 silly addNameRange     '1.1.4',
75 silly addNameRange     '1.1.5',
75 silly addNameRange     '1.1.6',
75 silly addNameRange     '1.1.7',
75 silly addNameRange     '1.1.8',
75 silly addNameRange     '1.1.9',
75 silly addNameRange     '1.1.10',
75 silly addNameRange     '1.1.11',
75 silly addNameRange     '1.1.12',
75 silly addNameRange     '1.1.13',
75 silly addNameRange     '1.1.14',
75 silly addNameRange     '1.1.15',
75 silly addNameRange     '1.1.16',
75 silly addNameRange     '1.1.17',
75 silly addNameRange     '1.1.18',
75 silly addNameRange     '1.1.19',
75 silly addNameRange     '1.1.20',
75 silly addNameRange     '1.1.21',
75 silly addNameRange     '1.1.22',
75 silly addNameRange     '1.1.23',
75 silly addNameRange     '1.1.24',
75 silly addNameRange     '1.1.25',
75 silly addNameRange     '1.2.0',
75 silly addNameRange     '1.3.0',
75 silly addNameRange     '1.3.1',
75 silly addNameRange     '1.3.2',
75 silly addNameRange     '1.3.3',
75 silly addNameRange     '1.3.4',
75 silly addNameRange     '1.3.5',
75 silly addNameRange     '1.3.6',
75 silly addNameRange     '1.3.7',
75 silly addNameRange     '1.4.0',
75 silly addNameRange     '1.5.0',
75 silly addNameRange     '1.6.0',
75 silly addNameRange     '1.7.2',
75 silly addNameRange     '1.7.3',
75 silly addNameRange     '1.7.4',
75 silly addNameRange     '1.8.0',
75 silly addNameRange     '1.8.1',
75 silly addNameRange     '1.8.2',
75 silly addNameRange     '1.8.3',
75 silly addNameRange     '1.8.4',
75 silly addNameRange     '2.0.0',
75 silly addNameRange     '2.0.1',
75 silly addNameRange     '2.0.2',
75 silly addNameRange     '2.0.3',
75 silly addNameRange     '2.0.4',
75 silly addNameRange     '2.1.0',
75 silly addNameRange     '2.1.1',
75 silly addNameRange     '2.1.2',
75 silly addNameRange     '2.1.3',
75 silly addNameRange     '2.1.4',
75 silly addNameRange     '2.2.0',
75 silly addNameRange     '2.2.1',
75 silly addNameRange     '2.2.2',
75 silly addNameRange     '2.2.3',
75 silly addNameRange     '2.2.4',
75 silly addNameRange     '2.3.0',
75 silly addNameRange     '2.3.1',
75 silly addNameRange     '2.3.2',
75 silly addNameRange     '2.3.3',
75 silly addNameRange     '2.3.4',
75 silly addNameRange     '2.3.5',
75 silly addNameRange     '2.3.6',
75 silly addNameRange     '2.3.7',
75 silly addNameRange     '2.3.8',
75 silly addNameRange     '2.3.9',
75 silly addNameRange     '2.3.10',
75 silly addNameRange     '2.3.11',
75 silly addNameRange     '2.3.12',
75 silly addNameRange     '2.3.13',
75 silly addNameRange     '2.4.0',
75 silly addNameRange     '2.4.1',
75 silly addNameRange     '2.4.2',
75 silly addNameRange     '2.4.3',
75 silly addNameRange     '2.4.4',
75 silly addNameRange     '2.4.5',
75 silly addNameRange     '2.4.6',
75 silly addNameRange     '2.4.7',
75 silly addNameRange     '2.4.8',
75 silly addNameRange     '2.4.9',
75 silly addNameRange     '2.4.10',
75 silly addNameRange     '2.5.0',
75 silly addNameRange     '2.5.1',
75 silly addNameRange     '2.5.2',
75 silly addNameRange     '2.5.3',
75 silly addNameRange     '2.5.4',
75 silly addNameRange     '2.5.5',
75 silly addNameRange     '2.5.6',
75 silly addNameRange     '2.5.7',
75 silly addNameRange     '2.5.8',
75 silly addNameRange     '2.5.9',
75 silly addNameRange     '2.5.10',
75 silly addNameRange     '2.5.11',
75 silly addNameRange     '2.5.12',
75 silly addNameRange     '2.5.13',
75 silly addNameRange     '2.5.14',
75 silly addNameRange     '2.6.0',
75 silly addNameRange     '2.6.1',
75 silly addNameRange     '2.6.2',
75 silly addNameRange     '2.6.3',
75 silly addNameRange     '2.6.4',
75 silly addNameRange     '2.6.5',
75 silly addNameRange     '2.6.6',
75 silly addNameRange     '2.6.7',
75 silly addNameRange     '2.6.8',
75 silly addNameRange     '2.7.0',
75 silly addNameRange     '2.7.1',
75 silly addNameRange     '2.7.2',
75 silly addNameRange     '2.7.4',
75 silly addNameRange     '2.7.3',
75 silly addNameRange     '3.0.0',
75 silly addNameRange     '3.0.1',
75 silly addNameRange     '3.0.2',
75 silly addNameRange     '2.8.0',
75 silly addNameRange     '3.0.3',
75 silly addNameRange     '3.1.0',
75 silly addNameRange     '2.8.1',
75 silly addNameRange     '3.1.1',
75 silly addNameRange     '2.8.2',
75 silly addNameRange     '2.8.3',
75 silly addNameRange     '2.9.0',
75 silly addNameRange     '3.2.0',
75 silly addNameRange     '2.9.1',
75 silly addNameRange     '3.2.1',
75 silly addNameRange     '2.9.2',
75 silly addNameRange     '3.2.2',
75 silly addNameRange     '3.3.0',
75 silly addNameRange     '3.3.1',
75 silly addNameRange     '2.9.3',
75 silly addNameRange     '3.4.0',
75 silly addNameRange     '2.9.4',
75 silly addNameRange     '2.9.5',
75 silly addNameRange     '3.5.0',
75 silly addNameRange     '3.5.1',
75 silly addNameRange     '3.5.2',
75 silly addNameRange     '3.5.3',
75 silly addNameRange     '2.9.6',
75 silly addNameRange     '2.9.7',
75 silly addNameRange     '3.5.4',
75 silly addNameRange     '3.5.5',
75 silly addNameRange     '2.9.8',
75 silly addNameRange     '2.9.9',
75 silly addNameRange     '3.5.6',
75 silly addNameRange     '3.5.7',
75 silly addNameRange     '3.5.8',
75 silly addNameRange     '2.9.10',
75 silly addNameRange     '3.5.9',
75 silly addNameRange     '3.6.2',
75 silly addNameRange     '3.5.10',
75 silly addNameRange     '3.6.3',
75 silly addNameRange     '3.5.11',
75 silly addNameRange     '3.6.4',
75 silly addNameRange     '3.6.5',
75 silly addNameRange     '3.6.6',
75 silly addNameRange     '3.6.7',
75 silly addNameRange     '3.5.12',
75 silly addNameRange     '3.6.8',
75 silly addNameRange     '3.6.9',
75 silly addNameRange     '3.6.10',
75 silly addNameRange     '3.5.13',
75 silly addNameRange     '3.5.14',
75 silly addNameRange     '3.6.11',
75 silly addNameRange     '3.6.12',
75 silly addNameRange     '3.6.13',
75 silly addNameRange     '3.6.14',
75 silly addNameRange     '3.6.15',
75 silly addNameRange     '3.5.15',
75 silly addNameRange     '3.7.0',
75 silly addNameRange     '3.6.16',
75 silly addNameRange     '3.5.16',
75 silly addNameRange     '3.6.17',
75 silly addNameRange     '3.7.2',
75 silly addNameRange     '3.0.0-alpha1',
75 silly addNameRange     '3.0.0-alpha2',
75 silly addNameRange     '3.0.0-rc0',
75 silly addNameRange     '3.6.0-rc0',
75 silly addNameRange     '3.6.0-rc1',
75 silly addNameRange     '3.6.18',
75 silly addNameRange     '3.7.3',
75 silly addNameRange     '3.6.19',
75 silly addNameRange     '3.6.20',
75 silly addNameRange     '3.7.4',
75 silly addNameRange     '3.8.0',
75 silly addNameRange     '3.8.1',
75 silly addNameRange     '3.8.2',
75 silly addNameRange     '3.8.3',
75 silly addNameRange     '3.8.4',
75 silly addNameRange     '3.8.5',
75 silly addNameRange     '3.8.6',
75 silly addNameRange     '3.8.7',
75 silly addNameRange     '3.8.8',
75 silly addNameRange     '3.8.9',
75 silly addNameRange     '3.8.10',
75 silly addNameRange     '3.8.11',
75 silly addNameRange     '3.9.0',
75 silly addNameRange     '3.8.12',
75 silly addNameRange     '3.8.13',
75 silly addNameRange     '3.8.14',
75 silly addNameRange     '3.8.15',
75 silly addNameRange     '3.9.1',
75 silly addNameRange     '3.8.16',
75 silly addNameRange     '3.9.2',
75 silly addNameRange     '3.8.17',
75 silly addNameRange     '3.9.3',
75 silly addNameRange     '3.8.18',
75 silly addNameRange     '3.9.4',
75 silly addNameRange     '3.8.19',
75 silly addNameRange     '3.9.5',
75 silly addNameRange     '3.8.20',
75 silly addNameRange     '3.9.6',
75 silly addNameRange     '3.8.21',
75 silly addNameRange     '3.9.7',
75 silly addNameRange     '3.8.22',
75 silly addNameRange     '4.0.0-rc0',
75 silly addNameRange     '4.0.0-rc1' ] ]
76 verbose addNamed [ 'mongoose', '3.6.20' ]
77 verbose addNamed [ '3.6.20', '3.6.20' ]
78 silly lockFile 9e27220e-mongoose-3-6-20 mongoose@3.6.20
79 verbose lock mongoose@3.6.20 C:\Users\leonardo.perez\AppData\Roaming\npm-cache\9e27220e-mongoose-3-6-20.lock
80 silly lockFile 15ee31b9-js-org-express-express-3-3-8-tgz https://registry.npmjs.org/express/-/express-3.3.8.tgz
81 verbose lock https://registry.npmjs.org/express/-/express-3.3.8.tgz C:\Users\leonardo.perez\AppData\Roaming\npm-cache\15ee31b9-js-org-express-express-3-3-8-tgz.lock
82 silly lockFile 8045d0d6-org-mongoose-mongoose-3-6-20-tgz https://registry.npmjs.org/mongoose/-/mongoose-3.6.20.tgz
83 verbose lock https://registry.npmjs.org/mongoose/-/mongoose-3.6.20.tgz C:\Users\leonardo.perez\AppData\Roaming\npm-cache\8045d0d6-org-mongoose-mongoose-3-6-20-tgz.lock
84 verbose addRemoteTarball [ 'https://registry.npmjs.org/express/-/express-3.3.8.tgz',
84 verbose addRemoteTarball   '8e98ac30d81f4c95b85d71d2af6cf84f62ef19bd' ]
85 verbose addRemoteTarball [ 'https://registry.npmjs.org/mongoose/-/mongoose-3.6.20.tgz',
85 verbose addRemoteTarball   '47263843e6b812ea207eec104c40a36c8d215f53' ]
86 info retry fetch attempt 1 at 08:10:24
87 verbose fetch to= C:\Users\LEONAR~1.PER\AppData\Local\Temp\npm-2916-2G9Tjg0q\registry.npmjs.org\mongoose\-\mongoose-3.6.20.tgz
88 http GET https://registry.npmjs.org/mongoose/-/mongoose-3.6.20.tgz
89 info retry fetch attempt 1 at 08:10:24
90 verbose fetch to= C:\Users\LEONAR~1.PER\AppData\Local\Temp\npm-2916-2G9Tjg0q\registry.npmjs.org\express\-\express-3.3.8.tgz
91 http GET https://registry.npmjs.org/express/-/express-3.3.8.tgz
92 error fetch failed https://registry.npmjs.org/mongoose/-/mongoose-3.6.20.tgz
93 info retry will retry, error on last attempt: Error: connect ECONNREFUSED
94 error fetch failed https://registry.npmjs.org/express/-/express-3.3.8.tgz
95 info retry will retry, error on last attempt: Error: connect ECONNREFUSED
96 info retry fetch attempt 2 at 08:10:35
97 verbose fetch to= C:\Users\LEONAR~1.PER\AppData\Local\Temp\npm-2916-2G9Tjg0q\registry.npmjs.org\mongoose\-\mongoose-3.6.20.tgz
98 info retry fetch attempt 2 at 08:10:35
99 verbose fetch to= C:\Users\LEONAR~1.PER\AppData\Local\Temp\npm-2916-2G9Tjg0q\registry.npmjs.org\express\-\express-3.3.8.tgz
100 http GET https://registry.npmjs.org/mongoose/-/mongoose-3.6.20.tgz
101 http GET https://registry.npmjs.org/express/-/express-3.3.8.tgz
102 error fetch failed https://registry.npmjs.org/express/-/express-3.3.8.tgz
103 info retry will retry, error on last attempt: Error: connect ECONNREFUSED
104 error fetch failed https://registry.npmjs.org/mongoose/-/mongoose-3.6.20.tgz
105 info retry will retry, error on last attempt: Error: connect ECONNREFUSED
106 info retry fetch attempt 3 at 08:11:37
107 verbose fetch to= C:\Users\LEONAR~1.PER\AppData\Local\Temp\npm-2916-2G9Tjg0q\registry.npmjs.org\express\-\express-3.3.8.tgz
108 http GET https://registry.npmjs.org/express/-/express-3.3.8.tgz
109 info retry fetch attempt 3 at 08:11:37
110 verbose fetch to= C:\Users\LEONAR~1.PER\AppData\Local\Temp\npm-2916-2G9Tjg0q\registry.npmjs.org\mongoose\-\mongoose-3.6.20.tgz
111 http GET https://registry.npmjs.org/mongoose/-/mongoose-3.6.20.tgz
112 error fetch failed https://registry.npmjs.org/mongoose/-/mongoose-3.6.20.tgz
113 silly lockFile 8045d0d6-org-mongoose-mongoose-3-6-20-tgz https://registry.npmjs.org/mongoose/-/mongoose-3.6.20.tgz
114 silly lockFile 8045d0d6-org-mongoose-mongoose-3-6-20-tgz https://registry.npmjs.org/mongoose/-/mongoose-3.6.20.tgz
115 error fetch failed https://registry.npmjs.org/express/-/express-3.3.8.tgz
116 silly lockFile 15ee31b9-js-org-express-express-3-3-8-tgz https://registry.npmjs.org/express/-/express-3.3.8.tgz
117 silly lockFile 15ee31b9-js-org-express-express-3-3-8-tgz https://registry.npmjs.org/express/-/express-3.3.8.tgz
118 silly lockFile 9e27220e-mongoose-3-6-20 mongoose@3.6.20
119 silly lockFile 9e27220e-mongoose-3-6-20 mongoose@3.6.20
120 silly lockFile a43a70ac-express-3-3-8 express@3.3.8
121 silly lockFile a43a70ac-express-3-3-8 express@3.3.8
122 silly lockFile efc1bb8e-mongoose-3-6-x mongoose@3.6.x
123 silly lockFile efc1bb8e-mongoose-3-6-x mongoose@3.6.x
124 silly lockFile 7fa59393-express-3-3-x express@3.3.x
125 silly lockFile 7fa59393-express-3-3-x express@3.3.x
126 error Error: connect ECONNREFUSED
126 error     at errnoException (net.js:904:11)
126 error     at Object.afterConnect [as oncomplete] (net.js:895:19)
126 error  { [Error: connect ECONNREFUSED]
126 error   code: 'ECONNREFUSED',
126 error   errno: 'ECONNREFUSED',
126 error   syscall: 'connect',
126 error   parent: 'NodeAPI' }
127 error If you are behind a proxy, please make sure that the
127 error 'proxy' config is set properly.  See: 'npm help config'
128 error System Windows_NT 6.1.7601
129 error command "C:\\Program Files\\nodejs\\\\node.exe" "C:\\Program Files\\nodejs\\node_modules\\npm\\bin\\npm-cli.js" "install"
130 error cwd D:\leo\api
131 error node -v v0.10.32
132 error npm -v 1.4.28
133 error syscall connect
134 error code ECONNREFUSED
135 error errno ECONNREFUSED
136 error stack Error: connect ECONNREFUSED
136 error stack     at errnoException (net.js:904:11)
136 error stack     at Object.afterConnect [as oncomplete] (net.js:895:19)
137 verbose exit [ 1, true ]
